2024-04-09 12:11:24 INFO  Main:16 - 1
2024-04-09 12:11:29 INFO  Main:22 - 2
2024-04-09 12:13:07 INFO  Main:16 - 1
2024-04-09 12:13:11 INFO  Main:22 - 2
2024-04-09 12:14:05 INFO  Main:16 - Стартую хромдрайвер
2024-04-09 12:14:10 INFO  Main:22 - Закрываю хромдрайвер
2024-04-09 12:15:32 INFO  Main:16 - Стартую хромдрайвер
2024-04-09 12:15:38 INFO  Main:22 - Закрываю хромдрайвер
2024-04-09 12:17:13 INFO  Main:16 - Стартую хромдрайвер
2024-04-09 12:17:17 INFO  Main:22 - Закрываю хромдрайвер
2024-04-09 12:18:49 INFO  Main:16 - Стартую хромдрайвер
2024-04-09 12:18:54 INFO  Main:22 - Закрываю хромдрайвер
2024-04-09 12:19:32 INFO  Main:16 - Стартую хромдрайвер
2024-04-09 12:19:49 INFO  Main:16 - Стартую хромдрайвер
2024-04-09 12:19:53 INFO  Main:22 - Закрываю хромдрайвер
2024-04-09 12:20:25 INFO  Main:16 - Стартую хромдрайвер
2024-04-09 12:20:30 INFO  Main:22 - Закрываю хромдрайвер
2024-04-09 12:23:51 INFO  Main:16 - Стартую хромдрайвер
2024-04-09 12:23:56 INFO  Main:22 - Закрываю хромдрайвер
2024-04-09 12:24:23 INFO  Main:16 - Стартую хромдрайвер
2024-04-09 12:24:28 INFO  Main:22 - Закрываю хромдрайвер
2024-04-09 12:28:08 INFO  Main:16 - Стартую хромдрайвер
2024-04-09 12:28:14 INFO  Main:22 - Закрываю хромдрайвер
2024-04-09 12:39:54 INFO  Main:16 - Стартую хромдрайвер
2024-04-09 12:39:59 INFO  Main:22 - Закрываю хромдрайвер
2024-04-09 12:41:26 INFO  Main:16 - Start chromedriver...
2024-04-09 12:41:31 INFO  Main:22 - Close chromedriver...
2024-04-09 12:41:59 INFO  Main:16 - Chromedriver start...
2024-04-09 12:42:04 INFO  Main:22 - Chromedriver close
2024-04-09 12:43:36 INFO  Main:16 - Chromedriver start...
2024-04-09 12:43:41 INFO  Main:23 - Chromedriver close
2024-04-09 12:44:05 INFO  Main:16 - Chromedriver start...
2024-04-09 12:44:05 DEBUG Main:17 - Chromedriver start...
2024-04-09 12:44:09 INFO  Main:23 - Chromedriver close
2024-04-09 12:44:09 DEBUG Main:24 - Chromedriver close
2024-04-16 16:54:31 INFO  Main:21 - Chromedriver start...
2024-04-16 17:00:27 INFO  Main:25 - Chromedriver start...
2024-04-16 17:01:29 INFO  Main:32 - Chromedriver close
2024-04-16 17:19:05 INFO  Main:25 - Chromedriver start...
2024-04-16 17:19:21 INFO  Main:28 - DB connected
2024-04-16 17:19:25 INFO  Main:33 - Chromedriver close
2024-04-16 17:19:25 INFO  Main:36 - DB disconnected
2024-04-16 17:34:11 INFO  Main:25 - Chromedriver start...
2024-04-16 17:34:13 INFO  Main:28 - DB connected
2024-04-16 17:34:16 INFO  Main:33 - Chromedriver close
2024-04-16 17:34:16 INFO  Main:36 - DB disconnected
2024-04-16 17:35:08 INFO  Main:25 - Chromedriver start...
2024-04-16 17:35:10 INFO  Main:28 - DB connected
2024-04-16 17:35:11 INFO  Main:33 - Chromedriver close
2024-04-16 17:35:12 INFO  Main:36 - DB disconnected
2024-04-16 17:54:27 INFO  Main:25 - Chromedriver start...
2024-04-16 17:54:29 INFO  Main:28 - DB connected
2024-04-16 17:54:31 INFO  Main:33 - Chromedriver close
2024-04-16 17:54:32 INFO  Main:36 - DB disconnected
2024-04-16 17:55:32 INFO  Main:25 - Chromedriver start...
2024-04-16 17:55:34 INFO  Main:28 - DB connected
2024-04-16 17:55:37 INFO  Main:33 - Chromedriver close
2024-04-16 17:55:37 INFO  Main:36 - DB disconnected
2024-04-16 17:56:01 INFO  Main:25 - Chromedriver start...
2024-04-16 17:56:04 INFO  Main:28 - DB connected
2024-04-16 18:10:03 INFO  Main:33 - Chromedriver close
2024-04-16 18:10:20 INFO  Main:25 - Chromedriver start...
2024-04-16 18:10:26 INFO  Main:33 - Chromedriver close
2024-04-16 18:10:40 INFO  Main:25 - Chromedriver start...
2024-04-16 18:10:42 INFO  Main:33 - Chromedriver close
2024-04-16 18:11:09 INFO  Main:25 - Chromedriver start...
2024-04-16 18:11:11 INFO  Main:28 - DB connected
2024-04-16 18:11:13 INFO  Main:33 - Chromedriver close
2024-04-16 18:11:14 INFO  Main:36 - DB disconnected
